{"time": "2025-10-01 17:39:30,500", "level": "INFO", "name": "worker_PEDIDOS_1", "message": "[INICIO] Worker PEDIDOS_1 | Tipo: movimientos | Poll: 5s"}
{"time": "2025-10-01 17:39:30,500", "level": "INFO", "name": "worker_PEDIDOS_1", "message": "[REGISTRO] Registrando PC 'PEDIDOS_1' tipo 'movimientos' en http://192.168.9.160:8000"}
{"time": "2025-10-01 17:39:30,505", "level": "INFO", "name": "worker_PEDIDOS_1", "message": "[OK] PC registrada correctamente | pc_id=PEDIDOS_1, tipo=movimientos"}
{"time": "2025-10-01 17:39:30,505", "level": "INFO", "name": "worker_PEDIDOS_1", "message": "[POLL] Intentando obtener tarea..."}
{"time": "2025-10-01 17:39:31,216", "level": "INFO", "name": "worker_PEDIDOS_1", "message": "===== NUEVA TAREA ====="}
{"time": "2025-10-01 17:39:31,216", "level": "INFO", "name": "worker_PEDIDOS_1", "message": "[TAREA] ID=movimientos_1759349677749 DNI=16779629 Tipo=movimientos"}
{"time": "2025-10-01 17:39:31,218", "level": "INFO", "name": "worker_PEDIDOS_1", "message": "[SCRAPING] Iniciando scraping DNI 16779629 | Task: movimientos_1759349677749 | Tipo: movimientos"}
{"time": "2025-10-01 17:39:31,222", "level": "INFO", "name": "worker_PEDIDOS_1", "message": "[WORKER] Ejecutando script de automatización: C:\Users\Usuario\Desktop\NO TOCAR\tictac\Workers-T3\scripts\movimientos.py"}
{"time": "2025-10-01 17:39:32,702", "level": "INFO", "name": "worker_PEDIDOS_1", "message": "[PARCIAL] Actualización enviada para movimientos_1759349677749 (status=running)"}
{"time": "2025-10-01 17:39:32,703", "level": "INFO", "name": "worker_PEDIDOS_1", "message": "[PARCIAL] Task=movimientos_1759349677749 Etapa=1/2 Info=DNI 16779629 validado correctamente"}
{"time": "2025-10-01 17:39:33,815", "level": "INFO", "name": "worker_PEDIDOS_1", "message": "[PARCIAL] Actualización enviada para movimientos_1759349677749 (status=completed)"}
{"time": "2025-10-01 17:39:33,816", "level": "INFO", "name": "worker_PEDIDOS_1", "message": "[PARCIAL] Task=movimientos_1759349677749 Etapa=2/2 Info=Error ejecutando camino b: Traceback (most recent call last):
  File "C:\Users\Usuario\Desktop\NO TOCAR\tictac\Workers-T3\scripts\..\..\run_camino_b_multi.py", line 46, in <module>
    import pyautogui as pg
ModuleNotFoundError: No module named 'pyautogui'
"}
{"time": "2025-10-01 17:39:33,823", "level": "INFO", "name": "worker_PEDIDOS_1", "message": "[OK] Procesamiento movimientos de movimientos_1759349677749 completado | 2 etapas"}
{"time": "2025-10-01 17:39:33,833", "level": "INFO", "name": "worker_PEDIDOS_1", "message": "[ENVIADO] Tarea movimientos_1759349677749 completada en 2s"}
{"time": "2025-10-01 17:39:38,834", "level": "INFO", "name": "worker_PEDIDOS_1", "message": "[POLL] Intentando obtener tarea..."}
{"time": "2025-10-01 17:39:38,848", "level": "INFO", "name": "worker_PEDIDOS_1", "message": "===== NUEVA TAREA ====="}
{"time": "2025-10-01 17:39:38,848", "level": "INFO", "name": "worker_PEDIDOS_1", "message": "[TAREA] ID=movimientos_1759349886861 DNI=37739047 Tipo=movimientos"}
{"time": "2025-10-01 17:39:38,850", "level": "INFO", "name": "worker_PEDIDOS_1", "message": "[SCRAPING] Iniciando scraping DNI 37739047 | Task: movimientos_1759349886861 | Tipo: movimientos"}
{"time": "2025-10-01 17:39:38,851", "level": "INFO", "name": "worker_PEDIDOS_1", "message": "[WORKER] Ejecutando script de automatización: C:\Users\Usuario\Desktop\NO TOCAR\tictac\Workers-T3\scripts\movimientos.py"}
{"time": "2025-10-01 17:39:40,290", "level": "INFO", "name": "worker_PEDIDOS_1", "message": "[PARCIAL] Actualización enviada para movimientos_1759349886861 (status=running)"}
{"time": "2025-10-01 17:39:40,290", "level": "INFO", "name": "worker_PEDIDOS_1", "message": "[PARCIAL] Task=movimientos_1759349886861 Etapa=1/2 Info=DNI 37739047 validado correctamente"}
{"time": "2025-10-01 17:39:41,561", "level": "INFO", "name": "worker_PEDIDOS_1", "message": "[PARCIAL] Actualización enviada para movimientos_1759349886861 (status=completed)"}
{"time": "2025-10-01 17:39:41,562", "level": "INFO", "name": "worker_PEDIDOS_1", "message": "[PARCIAL] Task=movimientos_1759349886861 Etapa=2/2 Info=No se encontraron líneas para DNI 37739047"}
{"time": "2025-10-01 17:39:41,566", "level": "INFO", "name": "worker_PEDIDOS_1", "message": "[OK] Procesamiento movimientos de movimientos_1759349886861 completado | 2 etapas"}
{"time": "2025-10-01 17:39:41,583", "level": "INFO", "name": "worker_PEDIDOS_1", "message": "[ENVIADO] Tarea movimientos_1759349886861 completada en 2s"}
{"time": "2025-10-01 17:39:46,590", "level": "INFO", "name": "worker_PEDIDOS_1", "message": "[POLL] Intentando obtener tarea..."}
{"time": "2025-10-01 17:39:46,614", "level": "INFO", "name": "worker_PEDIDOS_1", "message": "===== NUEVA TAREA ====="}
{"time": "2025-10-01 17:39:46,614", "level": "INFO", "name": "worker_PEDIDOS_1", "message": "[TAREA] ID=movimientos_1759349951100 DNI=11822134 Tipo=movimientos"}
{"time": "2025-10-01 17:39:46,616", "level": "INFO", "name": "worker_PEDIDOS_1", "message": "[SCRAPING] Iniciando scraping DNI 11822134 | Task: movimientos_1759349951100 | Tipo: movimientos"}
{"time": "2025-10-01 17:39:46,617", "level": "INFO", "name": "worker_PEDIDOS_1", "message": "[WORKER] Ejecutando script de automatización: C:\Users\Usuario\Desktop\NO TOCAR\tictac\Workers-T3\scripts\movimientos.py"}
{"time": "2025-10-01 17:39:48,106", "level": "INFO", "name": "worker_PEDIDOS_1", "message": "[PARCIAL] Actualización enviada para movimientos_1759349951100 (status=running)"}
{"time": "2025-10-01 17:39:48,107", "level": "INFO", "name": "worker_PEDIDOS_1", "message": "[PARCIAL] Task=movimientos_1759349951100 Etapa=1/2 Info=DNI 11822134 validado correctamente"}
{"time": "2025-10-01 17:39:49,158", "level": "INFO", "name": "worker_PEDIDOS_1", "message": "[PARCIAL] Actualización enviada para movimientos_1759349951100 (status=completed)"}
{"time": "2025-10-01 17:39:49,158", "level": "INFO", "name": "worker_PEDIDOS_1", "message": "[PARCIAL] Task=movimientos_1759349951100 Etapa=2/2 Info=Error ejecutando camino b: Traceback (most recent call last):
  File "C:\Users\Usuario\Desktop\NO TOCAR\tictac\Workers-T3\scripts\..\..\run_camino_b_multi.py", line 46, in <module>
    import pyautogui as pg
ModuleNotFoundError: No module named 'pyautogui'
"}
{"time": "2025-10-01 17:39:49,162", "level": "INFO", "name": "worker_PEDIDOS_1", "message": "[OK] Procesamiento movimientos de movimientos_1759349951100 completado | 2 etapas"}
{"time": "2025-10-01 17:39:49,172", "level": "INFO", "name": "worker_PEDIDOS_1", "message": "[ENVIADO] Tarea movimientos_1759349951100 completada en 2s"}
{"time": "2025-10-01 17:39:54,172", "level": "INFO", "name": "worker_PEDIDOS_1", "message": "[POLL] Intentando obtener tarea..."}
{"time": "2025-10-01 17:39:55,814", "level": "INFO", "name": "worker_PEDIDOS_1", "message": "===== NUEVA TAREA ====="}
{"time": "2025-10-01 17:39:55,814", "level": "INFO", "name": "worker_PEDIDOS_1", "message": "[TAREA] ID=movimientos_1759349983167 DNI=22316659 Tipo=movimientos"}
{"time": "2025-10-01 17:39:55,817", "level": "INFO", "name": "worker_PEDIDOS_1", "message": "[SCRAPING] Iniciando scraping DNI 22316659 | Task: movimientos_1759349983167 | Tipo: movimientos"}
{"time": "2025-10-01 17:39:55,818", "level": "INFO", "name": "worker_PEDIDOS_1", "message": "[WORKER] Ejecutando script de automatización: C:\Users\Usuario\Desktop\NO TOCAR\tictac\Workers-T3\scripts\movimientos.py"}
{"time": "2025-10-01 17:39:57,261", "level": "INFO", "name": "worker_PEDIDOS_1", "message": "[PARCIAL] Actualización enviada para movimientos_1759349983167 (status=running)"}
{"time": "2025-10-01 17:39:57,261", "level": "INFO", "name": "worker_PEDIDOS_1", "message": "[PARCIAL] Task=movimientos_1759349983167 Etapa=1/2 Info=DNI 22316659 validado correctamente"}
{"time": "2025-10-01 17:39:58,280", "level": "INFO", "name": "worker_PEDIDOS_1", "message": "[PARCIAL] Actualización enviada para movimientos_1759349983167 (status=completed)"}
{"time": "2025-10-01 17:39:58,281", "level": "INFO", "name": "worker_PEDIDOS_1", "message": "[PARCIAL] Task=movimientos_1759349983167 Etapa=2/2 Info=No se encontraron líneas para DNI 22316659"}
{"time": "2025-10-01 17:39:58,284", "level": "INFO", "name": "worker_PEDIDOS_1", "message": "[OK] Procesamiento movimientos de movimientos_1759349983167 completado | 2 etapas"}
{"time": "2025-10-01 17:39:58,292", "level": "INFO", "name": "worker_PEDIDOS_1", "message": "[ENVIADO] Tarea movimientos_1759349983167 completada en 2s"}
{"time": "2025-10-01 17:40:03,299", "level": "INFO", "name": "worker_PEDIDOS_1", "message": "[POLL] Intentando obtener tarea..."}
{"time": "2025-10-01 17:40:03,322", "level": "INFO", "name": "worker_PEDIDOS_1", "message": "===== NUEVA TAREA ====="}
{"time": "2025-10-01 17:40:03,322", "level": "INFO", "name": "worker_PEDIDOS_1", "message": "[TAREA] ID=movimientos_1759350648796 DNI=23087963 Tipo=movimientos"}
{"time": "2025-10-01 17:40:03,324", "level": "INFO", "name": "worker_PEDIDOS_1", "message": "[SCRAPING] Iniciando scraping DNI 23087963 | Task: movimientos_1759350648796 | Tipo: movimientos"}
{"time": "2025-10-01 17:40:03,325", "level": "INFO", "name": "worker_PEDIDOS_1", "message": "[WORKER] Ejecutando script de automatización: C:\Users\Usuario\Desktop\NO TOCAR\tictac\Workers-T3\scripts\movimientos.py"}
{"time": "2025-10-01 17:40:04,793", "level": "INFO", "name": "worker_PEDIDOS_1", "message": "[PARCIAL] Actualización enviada para movimientos_1759350648796 (status=running)"}
{"time": "2025-10-01 17:40:04,793", "level": "INFO", "name": "worker_PEDIDOS_1", "message": "[PARCIAL] Task=movimientos_1759350648796 Etapa=1/2 Info=DNI 23087963 validado correctamente"}
{"time": "2025-10-01 17:40:05,369", "level": "INFO", "name": "worker_PEDIDOS_1", "message": "[PARCIAL] Actualización enviada para movimientos_1759350648796 (status=completed)"}
{"time": "2025-10-01 17:40:05,370", "level": "INFO", "name": "worker_PEDIDOS_1", "message": "[PARCIAL] Task=movimientos_1759350648796 Etapa=2/2 Info=Error ejecutando camino b: Traceback (most recent call last):
  File "C:\Users\Usuario\Desktop\NO TOCAR\tictac\Workers-T3\scripts\..\..\run_camino_b_multi.py", line 46, in <module>
    import pyautogui as pg
ModuleNotFoundError: No module named 'pyautogui'
"}
{"time": "2025-10-01 17:40:05,373", "level": "INFO", "name": "worker_PEDIDOS_1", "message": "[OK] Procesamiento movimientos de movimientos_1759350648796 completado | 2 etapas"}
{"time": "2025-10-01 17:40:05,384", "level": "INFO", "name": "worker_PEDIDOS_1", "message": "[ENVIADO] Tarea movimientos_1759350648796 completada en 2s"}
{"time": "2025-10-01 17:40:10,385", "level": "INFO", "name": "worker_PEDIDOS_1", "message": "[POLL] Intentando obtener tarea..."}
{"time": "2025-10-01 17:40:10,398", "level": "INFO", "name": "worker_PEDIDOS_1", "message": "===== NUEVA TAREA ====="}
{"time": "2025-10-01 17:40:10,399", "level": "INFO", "name": "worker_PEDIDOS_1", "message": "[TAREA] ID=movimientos_1759350836968 DNI=29940807 Tipo=movimientos"}
{"time": "2025-10-01 17:40:10,400", "level": "INFO", "name": "worker_PEDIDOS_1", "message": "[SCRAPING] Iniciando scraping DNI 29940807 | Task: movimientos_1759350836968 | Tipo: movimientos"}
{"time": "2025-10-01 17:40:10,402", "level": "INFO", "name": "worker_PEDIDOS_1", "message": "[WORKER] Ejecutando script de automatización: C:\Users\Usuario\Desktop\NO TOCAR\tictac\Workers-T3\scripts\movimientos.py"}
{"time": "2025-10-01 17:40:11,906", "level": "INFO", "name": "worker_PEDIDOS_1", "message": "[PARCIAL] Actualización enviada para movimientos_1759350836968 (status=running)"}
{"time": "2025-10-01 17:40:11,906", "level": "INFO", "name": "worker_PEDIDOS_1", "message": "[PARCIAL] Task=movimientos_1759350836968 Etapa=1/2 Info=DNI 29940807 validado correctamente"}
{"time": "2025-10-01 17:40:13,316", "level": "INFO", "name": "worker_PEDIDOS_1", "message": "[PARCIAL] Actualización enviada para movimientos_1759350836968 (status=completed)"}
{"time": "2025-10-01 17:40:13,317", "level": "INFO", "name": "worker_PEDIDOS_1", "message": "[PARCIAL] Task=movimientos_1759350836968 Etapa=2/2 Info=Error ejecutando camino b: Traceback (most recent call last):
  File "C:\Users\Usuario\Desktop\NO TOCAR\tictac\Workers-T3\scripts\..\..\run_camino_b_multi.py", line 46, in <module>
    import pyautogui as pg
ModuleNotFoundError: No module named 'pyautogui'
"}
{"time": "2025-10-01 17:40:13,323", "level": "INFO", "name": "worker_PEDIDOS_1", "message": "[OK] Procesamiento movimientos de movimientos_1759350836968 completado | 2 etapas"}
{"time": "2025-10-01 17:40:13,333", "level": "INFO", "name": "worker_PEDIDOS_1", "message": "[ENVIADO] Tarea movimientos_1759350836968 completada en 2s"}
{"time": "2025-10-01 17:40:18,334", "level": "INFO", "name": "worker_PEDIDOS_1", "message": "[POLL] Intentando obtener tarea..."}
{"time": "2025-10-01 17:40:18,785", "level": "INFO", "name": "worker_PEDIDOS_1", "message": "===== NUEVA TAREA ====="}
{"time": "2025-10-01 17:40:18,786", "level": "INFO", "name": "worker_PEDIDOS_1", "message": "[TAREA] ID=movimientos_1759351105257 DNI=14510079 Tipo=movimientos"}
{"time": "2025-10-01 17:40:18,788", "level": "INFO", "name": "worker_PEDIDOS_1", "message": "[SCRAPING] Iniciando scraping DNI 14510079 | Task: movimientos_1759351105257 | Tipo: movimientos"}
{"time": "2025-10-01 17:40:18,789", "level": "INFO", "name": "worker_PEDIDOS_1", "message": "[WORKER] Ejecutando script de automatización: C:\Users\Usuario\Desktop\NO TOCAR\tictac\Workers-T3\scripts\movimientos.py"}
{"time": "2025-10-01 17:40:19,045", "level": "INFO", "name": "worker_PEDIDOS_1", "message": "[DETENIDO] Worker detenido por usuario"}
{"time": "2025-10-01 17:40:19,045", "level": "INFO", "name": "worker_PEDIDOS_1", "message": "[STATS] Completadas: 6 | Fallidas: 0 | Errores conexión: 0 | Errores VPN: 0 | Errores scraping: 0 | Uptime: 49s"}
