{"time": "2025-10-01 17:42:38,718", "level": "INFO", "name": "worker_pc1", "message": "[INICIO] Worker pc1 | Tipo: movimientos | Poll: 5s"}
{"time": "2025-10-01 17:42:38,718", "level": "INFO", "name": "worker_pc1", "message": "[REGISTRO] Registrando PC 'pc1' tipo 'movimientos' en http://192.168.9.160:8000"}
{"time": "2025-10-01 17:42:38,723", "level": "INFO", "name": "worker_pc1", "message": "[OK] PC registrada correctamente | pc_id=pc1, tipo=movimientos"}
{"time": "2025-10-01 17:42:38,724", "level": "INFO", "name": "worker_pc1", "message": "[POLL] Intentando obtener tarea..."}
{"time": "2025-10-01 17:42:38,751", "level": "INFO", "name": "worker_pc1", "message": "[VACÍO] No hay tareas disponibles"}
{"time": "2025-10-01 17:42:43,761", "level": "INFO", "name": "worker_pc1", "message": "[POLL] Intentando obtener tarea..."}
{"time": "2025-10-01 17:42:43,784", "level": "INFO", "name": "worker_pc1", "message": "[VACÍO] No hay tareas disponibles"}
{"time": "2025-10-01 17:42:48,791", "level": "INFO", "name": "worker_pc1", "message": "[POLL] Intentando obtener tarea..."}
{"time": "2025-10-01 17:42:48,805", "level": "INFO", "name": "worker_pc1", "message": "[VACÍO] No hay tareas disponibles"}
{"time": "2025-10-01 17:42:53,812", "level": "INFO", "name": "worker_pc1", "message": "[POLL] Intentando obtener tarea..."}
{"time": "2025-10-01 17:42:53,825", "level": "INFO", "name": "worker_pc1", "message": "[VACÍO] No hay tareas disponibles"}
{"time": "2025-10-01 17:42:58,832", "level": "INFO", "name": "worker_pc1", "message": "[POLL] Intentando obtener tarea..."}
{"time": "2025-10-01 17:42:58,845", "level": "INFO", "name": "worker_pc1", "message": "[VACÍO] No hay tareas disponibles"}
{"time": "2025-10-01 17:43:03,853", "level": "INFO", "name": "worker_pc1", "message": "[POLL] Intentando obtener tarea..."}
{"time": "2025-10-01 17:43:03,876", "level": "INFO", "name": "worker_pc1", "message": "[VACÍO] No hay tareas disponibles"}
{"time": "2025-10-01 17:43:08,882", "level": "INFO", "name": "worker_pc1", "message": "[POLL] Intentando obtener tarea..."}
{"time": "2025-10-01 17:43:08,905", "level": "INFO", "name": "worker_pc1", "message": "[VACÍO] No hay tareas disponibles"}
{"time": "2025-10-01 17:43:13,906", "level": "INFO", "name": "worker_pc1", "message": "[POLL] Intentando obtener tarea..."}
{"time": "2025-10-01 17:43:13,919", "level": "INFO", "name": "worker_pc1", "message": "[VACÍO] No hay tareas disponibles"}
{"time": "2025-10-01 17:43:18,926", "level": "INFO", "name": "worker_pc1", "message": "[POLL] Intentando obtener tarea..."}
{"time": "2025-10-01 17:43:18,949", "level": "INFO", "name": "worker_pc1", "message": "[VACÍO] No hay tareas disponibles"}
{"time": "2025-10-01 17:43:23,957", "level": "INFO", "name": "worker_pc1", "message": "[POLL] Intentando obtener tarea..."}
{"time": "2025-10-01 17:43:23,980", "level": "INFO", "name": "worker_pc1", "message": "[VACÍO] No hay tareas disponibles"}
{"time": "2025-10-01 17:43:28,981", "level": "INFO", "name": "worker_pc1", "message": "[POLL] Intentando obtener tarea..."}
{"time": "2025-10-01 17:43:28,994", "level": "INFO", "name": "worker_pc1", "message": "[VACÍO] No hay tareas disponibles"}
{"time": "2025-10-01 17:43:33,995", "level": "INFO", "name": "worker_pc1", "message": "[POLL] Intentando obtener tarea..."}
{"time": "2025-10-01 17:43:34,008", "level": "INFO", "name": "worker_pc1", "message": "[VACÍO] No hay tareas disponibles"}
{"time": "2025-10-01 17:43:39,014", "level": "INFO", "name": "worker_pc1", "message": "[STATS] Completadas: 0 | Fallidas: 0 | Errores conexión: 0 | Errores VPN: 0 | Errores scraping: 0 | Uptime: 60s"}
{"time": "2025-10-01 17:43:39,015", "level": "INFO", "name": "worker_pc1", "message": "[POLL] Intentando obtener tarea..."}
{"time": "2025-10-01 17:43:39,037", "level": "INFO", "name": "worker_pc1", "message": "[VACÍO] No hay tareas disponibles"}
{"time": "2025-10-01 17:43:44,043", "level": "INFO", "name": "worker_pc1", "message": "[POLL] Intentando obtener tarea..."}
{"time": "2025-10-01 17:43:44,066", "level": "INFO", "name": "worker_pc1", "message": "[VACÍO] No hay tareas disponibles"}
{"time": "2025-10-01 17:43:49,073", "level": "INFO", "name": "worker_pc1", "message": "[POLL] Intentando obtener tarea..."}
{"time": "2025-10-01 17:43:49,096", "level": "INFO", "name": "worker_pc1", "message": "[VACÍO] No hay tareas disponibles"}
{"time": "2025-10-01 17:43:54,103", "level": "INFO", "name": "worker_pc1", "message": "[POLL] Intentando obtener tarea..."}
{"time": "2025-10-01 17:43:54,125", "level": "INFO", "name": "worker_pc1", "message": "[VACÍO] No hay tareas disponibles"}
{"time": "2025-10-01 17:43:59,127", "level": "INFO", "name": "worker_pc1", "message": "[POLL] Intentando obtener tarea..."}
{"time": "2025-10-01 17:43:59,140", "level": "INFO", "name": "worker_pc1", "message": "[VACÍO] No hay tareas disponibles"}
{"time": "2025-10-01 17:44:04,141", "level": "INFO", "name": "worker_pc1", "message": "[POLL] Intentando obtener tarea..."}
{"time": "2025-10-01 17:44:04,154", "level": "INFO", "name": "worker_pc1", "message": "[VACÍO] No hay tareas disponibles"}
{"time": "2025-10-01 17:44:09,162", "level": "INFO", "name": "worker_pc1", "message": "[POLL] Intentando obtener tarea..."}
{"time": "2025-10-01 17:44:09,185", "level": "INFO", "name": "worker_pc1", "message": "[VACÍO] No hay tareas disponibles"}
{"time": "2025-10-01 17:44:14,191", "level": "INFO", "name": "worker_pc1", "message": "[POLL] Intentando obtener tarea..."}
{"time": "2025-10-01 17:44:14,214", "level": "INFO", "name": "worker_pc1", "message": "[VACÍO] No hay tareas disponibles"}
{"time": "2025-10-01 17:44:19,222", "level": "INFO", "name": "worker_pc1", "message": "[POLL] Intentando obtener tarea..."}
{"time": "2025-10-01 17:44:19,244", "level": "INFO", "name": "worker_pc1", "message": "[VACÍO] No hay tareas disponibles"}
{"time": "2025-10-01 17:44:24,252", "level": "INFO", "name": "worker_pc1", "message": "[POLL] Intentando obtener tarea..."}
{"time": "2025-10-01 17:44:24,265", "level": "INFO", "name": "worker_pc1", "message": "[VACÍO] No hay tareas disponibles"}
{"time": "2025-10-01 17:44:29,272", "level": "INFO", "name": "worker_pc1", "message": "[POLL] Intentando obtener tarea..."}
{"time": "2025-10-01 17:44:29,295", "level": "INFO", "name": "worker_pc1", "message": "[VACÍO] No hay tareas disponibles"}
{"time": "2025-10-01 17:44:34,302", "level": "INFO", "name": "worker_pc1", "message": "[POLL] Intentando obtener tarea..."}
{"time": "2025-10-01 17:44:34,315", "level": "INFO", "name": "worker_pc1", "message": "[VACÍO] No hay tareas disponibles"}
{"time": "2025-10-01 17:44:39,322", "level": "INFO", "name": "worker_pc1", "message": "[STATS] Completadas: 0 | Fallidas: 0 | Errores conexión: 0 | Errores VPN: 0 | Errores scraping: 0 | Uptime: 121s"}
{"time": "2025-10-01 17:44:39,323", "level": "INFO", "name": "worker_pc1", "message": "[POLL] Intentando obtener tarea..."}
{"time": "2025-10-01 17:44:39,345", "level": "INFO", "name": "worker_pc1", "message": "[VACÍO] No hay tareas disponibles"}
{"time": "2025-10-01 17:44:44,351", "level": "INFO", "name": "worker_pc1", "message": "[POLL] Intentando obtener tarea..."}
{"time": "2025-10-01 17:44:44,374", "level": "INFO", "name": "worker_pc1", "message": "[VACÍO] No hay tareas disponibles"}
